  main.cpp
  SoundSystem.cpp
  SceneManager.cpp
  MainScreenScene.cpp
  LevelScene.cpp
c:\breakin\breakin\game\02-bubble\text.h(5): fatal error C1083: Cannot open include file: 'ft2build.h': No such file or directory
  CollisionManager.cpp
c:\breakin\breakin\game\02-bubble\collisionmanager.cpp(200): warning C4244: 'initializing': conversion from 'float' to 'uint32_t', possible loss of data
c:\breakin\breakin\game\02-bubble\collisionmanager.cpp(201): warning C4244: 'initializing': conversion from 'float' to 'uint32_t', possible loss of data
c:\breakin\breakin\game\02-bubble\collisionmanager.cpp(203): warning C4018: '>=': signed/unsigned mismatch
c:\breakin\breakin\game\02-bubble\collisionmanager.cpp(236): warning C4244: '=': conversion from 'uint32_t' to 'float', possible loss of data
c:\breakin\breakin\game\02-bubble\collisionmanager.cpp(250): warning C4244: '=': conversion from 'uint32_t' to 'float', possible loss of data
c:\breakin\breakin\game\02-bubble\collisionmanager.cpp(359): warning C4244: '=': conversion from 'int' to 'float', possible loss of data
c:\breakin\breakin\game\02-bubble\collisionmanager.cpp(483): warning C4018: '<': signed/unsigned mismatch
  Button.cpp
  Ball.cpp
  Generating Code...
  Compiling...
  Watcher.cpp
  Player.cpp
  Game.cpp
  CheatSystem.cpp
  Generating Code...
  Skipping... (no relevant changes detected)
  Sensor.cpp
